proj.android/proguard/alpha/v1/mapping.txt
com.cheekymammoth.puzzlewizard.CMBackupAgent -> com.cheekymammoth.puzzlewizard.CMBackupAgent:
    13:15:void onCreate() -> onCreate
com.cheekymammoth.puzzlewizard.CMEncrypter -> com.cheekymammoth.puzzlewizard.a:
com.cheekymammoth.puzzlewizard.puzzlewizard -> com.cheekymammoth.puzzlewizard.puzzlewizard:
    com.cheekymammoth.puzzlewizard.puzzlewizard s_wizard -> a
    com.cheekymammoth.puzzlewizard.CMEncrypter s_encrypter -> b
    byte[] SALT -> c
    com.google.android.vending.licensing.LicenseChecker mChecker -> d
    int licensed -> e
    int licensedExpirationMins -> f
    com.cheekymammoth.puzzlewizard.CMBackupAgent backupAgent -> g
    94:108:void onCreate(android.os.Bundle) -> onCreate
    113:116:void onStart() -> onStart
    121:123:void onStop() -> onStop
    127:131:void onDestroy() -> onDestroy
...
com.crashlytics.android.internal.B -> com.a.a.a.a:
    java.lang.String a -> a
    java.lang.String b -> b
    java.lang.String c -> c
    com.crashlytics.android.internal.am d -> d
    com.crashlytics.android.internal.at e -> e
    com.crashlytics.android.internal.M f -> f
    47:47:com.crashlytics.android.internal.B a() -> a
    53:77:void c() -> e
    143:143:java.lang.String b() -> b
    155:158:void onException(com.crashlytics.android.internal.ad) -> a
    26:26:void a(com.crashlytics.android.internal.B) -> a
com.crashlytics.android.internal.C -> com.a.a.a.b:
    com.crashlytics.android.internal.B a -> a
    71:75:void a() -> a
com.crashlytics.android.internal.D -> com.a.a.a.c:
    android.app.Application b -> b
    android.app.Application$ActivityLifecycleCallbacks c -> c
    82:86:void a() -> a
com.crashlytics.android.internal.E -> com.a.a.a.d:
    com.crashlytics.android.internal.D a -> a
    23:24:void onActivityCreated(android.app.Activity,android.os.Bundle) -> onActivityCreated
    28:29:void onActivityDestroyed(android.app.Activity) -> onActivityDestroyed
    33:34:void onActivityPaused(android.app.Activity) -> onActivityPaused
    38:39:void onActivityResumed(android.app.Activity) -> onActivityResumed
    43:44:void onActivitySaveInstanceState(android.app.Activity,android.os.Bundle) -> onActivitySaveInstanceState
    48:49:void onActivityStarted(android.app.Activity) -> onActivityStarted
    53:54:void onActivityStopped(android.app.Activity) -> onActivityStopped
com.crashlytics.android.internal.F -> com.a.a.a.e:
    42:50:boolean a(java.lang.String,java.util.List) -> a
com.crashlytics.android.internal.G -> com.a.a.a.f:
    15:15:void a() -> a
    20:20:void a(com.crashlytics.android.internal.aH,java.lang.String) -> a
    25:25:void b() -> b
    30:30:void a(com.crashlytics.android.internal.T) -> a
    35:35:void c() -> c
com.crashlytics.android.internal.H -> com.a.a.a.g:
    java.util.concurrent.ScheduledExecutorService a -> a
    com.crashlytics.android.internal.I b -> b
    com.crashlytics.android.internal.at c -> c
    java.util.concurrent.ScheduledFuture d -> d
    int e -> e
    com.crashlytics.android.internal.L f -> f
    96:102:void a() -> a
    106:113:void a(int,int) -> a
    117:122:void c() -> c
    126:133:void a(com.crashlytics.android.internal.aH,java.lang.String) -> a
    137:138:void b() -> b
    142:149:void a(com.crashlytics.android.internal.T) -> a
com.crashlytics.android.internal.I -> com.a.a.a.h:
    com.crashlytics.android.internal.V a -> a
    com.crashlytics.android.internal.af b -> b
    com.crashlytics.android.internal.aH c -> c
    com.crashlytics.android.internal.ah d -> d
    int e -> e
    java.util.List f -> f
    69:73:void a(com.crashlytics.android.internal.T) -> a
    80:81:void a(com.crashlytics.android.internal.ai) -> a
    88:105:boolean a() -> a
    140:140:int e() -> e
    145:146:void a(com.crashlytics.android.internal.aH) -> a
    153:160:void a(java.lang.String) -> a
    163:163:java.util.List b() -> b
    167:168:void a(java.util.List) -> a
    171:173:void c() -> c
    176:206:void d() -> d
    209:216:long b(java.lang.String) -> b
com.crashlytics.android.internal.J -> com.a.a.a.i:
    186:186:int compare(java.lang.Object,java.lang.Object) -> compare
com.crashlytics.android.internal.K -> com.a.a.a.j:
    java.io.File a -> a
    long b -> b
com.crashlytics.android.internal.L -> com.a.a.a.k:
    boolean a(java.lang.String,java.util.List) -> a