proj.android/proguard/alpha/v1/usage.txt
com.cheekymammoth.puzzlewizard.BuildConfig
com.cheekymammoth.puzzlewizard.CMBackupAgent:
    private static final java.lang.String kBackupFileName
    private static final java.lang.String kBackupKey
    18:20:public void requestBackup()
com.cheekymammoth.puzzlewizard.CMEncrypter:
    private static final java.lang.String TRANSFORMATION
    private static final java.lang.String KEY_TRANSFORMATION
    private static final java.lang.String SECRET_KEY_HASH_TRANSFORMATION
    private static final java.lang.String CHARSET
    private final javax.crypto.Cipher writer
    private final javax.crypto.Cipher reader
    private final javax.crypto.Cipher keyWriter
    28:42:public CMEncrypter(android.content.Context,java.lang.String)
    46:52:protected void initCiphers(java.lang.String)
    55:57:protected javax.crypto.spec.IvParameterSpec getIv()
    61:62:protected javax.crypto.spec.SecretKeySpec getSecretKey(java.lang.String)
    66:69:protected byte[] createKeyBytes(java.lang.String)
    73:76:public java.lang.String encryptValue(java.lang.String)
    80:83:public java.lang.String decryptValue(java.lang.String)
    89:96:protected java.lang.String encrypt(java.lang.String,javax.crypto.Cipher)
    100:107:protected java.lang.String decrypt(java.lang.String)
    113:116:private static byte[] convert(javax.crypto.Cipher,byte[])
com.cheekymammoth.puzzlewizard.CMEncrypter$CMEncrypterException
com.cheekymammoth.puzzlewizard.R
com.cheekymammoth.puzzlewizard.R$attr
com.cheekymammoth.puzzlewizard.R$drawable
com.cheekymammoth.puzzlewizard.R$string
com.cheekymammoth.puzzlewizard.puzzlewizard:
    private static final java.lang.String TAG
    private static final java.lang.String GPFU
    private static final java.lang.String GPAH
    private static final java.lang.String BASE64_PUBLIC_KEY
    private android.os.Handler mHandler
    private com.google.android.vending.licensing.LicenseCheckerCallback mLicenseCheckerCallback
    private static final int kLicenseInProgress
    private static final int kLicenseDenied
    private static final int kLicenseApproved
    private static final int kLicenseProvisionalRetry
    private static final int kLicenseProvisionalError
    private static final int kLicenseDialogOK
    private static final int kLicenseDialogRetry
    private static final int kLicenseDialogBuy
    139:143:public java.lang.String generateGooglePlayLicenseKey()
    147:153:public boolean validateGooglePlayLicenseKey(java.lang.String)
    158:158:public int getLicensed()
    162:163:public void setLicensed(int)
    166:166:public int getLicensedExpirationMins()
    170:171:public void setLicensedExpirationMins(int)
    174:205:public void performGooglePlayLicenseCheck()
    208:211:public void requestBackup()
    214:221:public void enableKeepScreenOn(boolean)
    228:230:public static void backupGameProgress()
    233:245:public static void openMarketPlaceToRateTheGame()
    248:260:public static void openURL(java.lang.String)
    263:283:public static int getDefaultLocale()
com.cheekymammoth.puzzlewizard.puzzlewizard$1
com.cheekymammoth.puzzlewizard.puzzlewizard$CMLicenseChecker
com.cheekymammoth.puzzlewizard.puzzlewizard$LicenseDialog
com.cheekymammoth.puzzlewizard.puzzlewizard$LicenseDialog$1
com.cheekymammoth.puzzlewizard.puzzlewizard$LicenseDialog$2
com.cheekymammoth.puzzlewizard.puzzlewizard$LicenseDialog$3
com.cheekymammoth.puzzlewizard.puzzlewizard$LicenseDialog$4
com.cheekymammoth.puzzlewizard.puzzlewizard$LicenseDialog$LicenseDialogType
...
com.crashlytics.android.v:
    357:367:final void a(java.lang.Thread,java.lang.Throwable)
    373:385:final void a(long,java.lang.String)
    532:576:static void a(com.crashlytics.android.internal.ao,int,long,java.lang.String)
    603:634:private boolean k()
    66:66:static synthetic void b(com.crashlytics.android.v,java.util.Date,java.lang.Thread,java.lang.Throwable)
    66:66:static synthetic com.crashlytics.android.internal.ao d(com.crashlytics.android.v)
    66:66:static synthetic boolean e(com.crashlytics.android.v)
com.crashlytics.android.x
com.flurry.android.Constants
com.flurry.android.FlurryAgent:
    56:66:public static void setVersionName(java.lang.String)
    82:82:public static java.lang.String getReleaseVersion()
    91:97:public static void setReportLocation(boolean)
    104:113:public static void setLogEnabled(boolean)
    120:125:public static void setLogLevel(int)
    142:152:public static void setContinueSessionMillis(long)
    159:164:public static void setLogEvents(boolean)
    172:177:public static void setUseHttps(boolean)
    181:182:public static boolean getUseHttps()
    326:339:public static void logEvent(java.lang.String)
    360:377:public static void logEvent(java.lang.String,java.util.Map)
    389:402:public static void logEvent(java.lang.String,boolean)
    416:433:public static void logEvent(java.lang.String,java.util.Map,boolean)
    441:454:public static void endTimedEvent(java.lang.String)
    466:483:public static void endTimedEvent(java.lang.String,java.util.Map)
    497:518:public static void onError(java.lang.String,java.lang.String,java.lang.String)
    550:563:public static void onEvent(java.lang.String)
    572:589:public static void onEvent(java.lang.String,java.util.Map)
    601:610:public static void onPageView()
    615:620:public static void setReportUrl(java.lang.String)
    633:639:public static void setLocationCriteria(android.location.Criteria)
    653:667:public static void setAge(int)
    675:688:public static void setGender(byte)
    697:707:public static void setUserId(java.lang.String)
com.flurry.android.InstallReceiver
com.flurry.sdk.bx:
    127:127:int c()
    131:131:int d()
    135:135:int e()
    139:139:java.lang.String f()
    144:154:public java.lang.String g()
    237:241:public void a(java.lang.String)
    244:248:public void a(java.lang.String,java.util.Map)
    251:255:public void a(java.lang.String,boolean)
    258:262:public void a(java.lang.String,java.util.Map,boolean)
    265:269:public void b(java.lang.String)
    272:276:public void b(java.lang.String,java.util.Map)
    280:293:public void a(java.lang.String,java.lang.String,java.lang.String)
    303:307:public void c(java.lang.String)
    310:314:public void c(java.lang.String,java.util.Map)
    317:321:public void i()
    359:365:public java.lang.String j()
    369:375:public java.lang.String k()
    379:385:public java.lang.String l()
    443:444:public void a(boolean)
com.flurry.sdk.by:
    58:62:public synchronized void a(java.lang.String)
    89:90:private void c()
com.flurry.sdk.cb:
    22:34:public cb(int,java.lang.String,java.util.Map,long,boolean)
    47:47:public boolean a(java.lang.String)
    59:79:public void a(java.util.Map)
    83:83:public java.util.Map c()
    88:89:public void b(java.util.Map)
    93:93:public int d()
com.flurry.sdk.cl:
    447:448:public synchronized void g()
    455:504:public synchronized void a(java.lang.String,java.util.Map,boolean)
    508:544:public synchronized void a(java.lang.String,java.util.Map)
    718:718:private int B()
com.flurry.sdk.eg:
    58:58:public android.content.pm.PackageManager c()
com.flurry.sdk.ek
com.flurry.sdk.el:
    49:60:public static android.content.pm.ApplicationInfo b(android.content.Context)
    70:71:public static java.lang.String d(android.content.Context)
    76:77:public static android.os.Bundle e(android.content.Context)
com.flurry.sdk.er:
    53:54:public int b()
com.flurry.sdk.es
com.flurry.sdk.es$1
com.flurry.sdk.es$1$1